<?xml version="1.0" encoding="UTF-8"?>
<!-- Generated by org.testng.reporters.JUnitReportReporter -->
<testsuite ignored="0" hostname="EGM-SANGRAMJIT-AG.local" failures="0" tests="2" name="tests.ShirtPageTest" time="5.403" errors="0" timestamp="28 Sep 2023 18:11:42 GMT" skipped="0">
  <testcase classname="tests.ShirtPageTest" name="sampleTest" time="0.002"/>
  <testcase classname="tests.ShirtPageTest" name="testOne" time="5.401"/>
</testsuite> <!-- tests.ShirtPageTest -->
